==2295== Memcheck, a memory error detector
==2295== Copyright (C) 2002-2017, and GNU GPL'd, by Julian Seward et al.
==2295== Using Valgrind-3.18.1 and LibVEX; rerun with -h for copyright info
==2295== Command: ./sch
==2295== Parent PID: 2228
==2295== 
==2295== Conditional jump or move depends on uninitialised value(s)
==2295==    at 0x484ED28: strlen (in /usr/libexec/valgrind/vgpreload_memcheck-amd64-linux.so)
==2295==    by 0x48E2DB0: __vfprintf_internal (vfprintf-internal.c:1517)
==2295==    by 0x48CC81E: printf (printf.c:33)
==2295==    by 0x109448: printAllStudents (in /home/yiska/Desktop/ptoj/sch)
==2295==    by 0x109871: main (in /home/yiska/Desktop/ptoj/sch)
==2295==    by 0x4895D8F: __libc_start_call_main (libc_start_call_main.h:58)
==2295==    by 0x4895E3F: __libc_start_main@@GLIBC_2.34 (libc-start.c:392)
==2295==    by 0x109184: _start (in /home/yiska/Desktop/ptoj/sch)
==2295==    by 0x1FFF0000A7: ???
==2295==    by 0x1B: ???
==2295== 
==2295== 
==2295== HEAP SUMMARY:
==2295==     in use at exit: 0 bytes in 0 blocks
==2295==   total heap usage: 100,003 allocs, 100,003 frees, 15,205,592 bytes allocated
==2295== 
==2295== All heap blocks were freed -- no leaks are possible
==2295== 
==2295== Use --track-origins=yes to see where uninitialised values come from
==2295== For lists of detected and suppressed errors, rerun with: -s
==2295== ERROR SUMMARY: 100000 errors from 1 contexts (suppressed: 0 from 0)
